<?xml version="1.0" encoding="UTF-8"?>
<!-- Generated by org.testng.reporters.JUnitXMLReporter -->
<testsuite hostname="L7ASO-PF03H1VR" ignored="4" name="Addmembershiptoorg" tests="5" failures="1" timestamp="05 Jun 2018 14:34:38 GMT" time="55.013" errors="0">
  <testcase name="LaunchApplication" time="27.511" classname="Com.NF.NetForumScenarious.LaunchandLoginintoNF15"/>
  <testcase name="AddRotaryOrganization" time="26.638" classname="Com.NF.NetForumScenarious.Addorganization">
    <failure type="java.lang.AssertionError" message="expected [true] but found [false]">
      <![CDATA[java.lang.AssertionError: expected [true] but found [false]
	at Com.NF.NetForumScenarious.Addorganization.execute(Addorganization.java:141)
	at Com.NF.NetForumScenarious.Addorganization.AddRotaryOrganization(Addorganization.java:38)
... Removed 29 stack frames]]>
    </failure>
  </testcase> <!-- AddRotaryOrganization -->
  <testcase name="verifyAddOrganization" time="0.0" classname="Com.NF.NetForumScenarious.VerifyOrganization">
    <skipped/>
  </testcase> <!-- verifyAddOrganization -->
  <testcase name="addorgmembership" time="0.0" classname="Com.NF.NetForumScenarious.AddOrgMembership">
    <skipped/>
  </testcase> <!-- addorgmembership -->
  <testcase name="AssignClubtoDistrict" time="0.0" classname="Com.NF.NetForumScenarious.AddRelatedorganization">
    <skipped/>
  </testcase> <!-- AssignClubtoDistrict -->
  <testcase name="@BeforeTest setenvironmentInof" time="0.0" classname="Com.NF.Config.TestBase">
    <ignored/>
  </testcase> <!-- @BeforeTest setenvironmentInof -->
  <testcase name="@BeforeTest setenvironmentInof" time="0.0" classname="Com.NF.Config.TestBase">
    <ignored/>
  </testcase> <!-- @BeforeTest setenvironmentInof -->
  <testcase name="@BeforeTest setenvironmentInof" time="0.0" classname="Com.NF.Config.TestBase">
    <ignored/>
  </testcase> <!-- @BeforeTest setenvironmentInof -->
  <testcase name="@BeforeTest setenvironmentInof" time="0.0" classname="Com.NF.Config.TestBase">
    <ignored/>
  </testcase> <!-- @BeforeTest setenvironmentInof -->
</testsuite> <!-- Addmembershiptoorg -->
