<?xml version="1.0" encoding="UTF-8"?>
<!-- Generated by org.testng.reporters.JUnitXMLReporter -->
<testsuite hostname="L7ASO-PF03H1VR" ignored="4" name="Addmembershiptoorg" tests="5" failures="1" timestamp="03 Sep 2018 12:27:39 GMT" time="20.714" errors="0">
  <testcase name="LaunchApplication" time="18.704" classname="Com.NF.NetForumScenarious.LaunchandLoginintoNF15">
    <failure type="java.lang.AssertionError" message="expected [true] but found [false]">
      <![CDATA[java.lang.AssertionError: expected [true] but found [false]
	at Com.NF.NetForumScenarious.LaunchandLoginintoNF15.execute(LaunchandLoginintoNF15.java:120)
	at Com.NF.NetForumScenarious.LaunchandLoginintoNF15.LaunchApplication(LaunchandLoginintoNF15.java:40)
... Removed 33 stack frames]]>
    </failure>
  </testcase> <!-- LaunchApplication -->
  <testcase name="AddRotaryOrganization" time="0.0" classname="Com.NF.NetForumScenarious.Addorganization">
    <skipped/>
  </testcase> <!-- AddRotaryOrganization -->
  <testcase name="verifyAddOrganization" time="0.001" classname="Com.NF.NetForumScenarious.VerifyOrganization">
    <skipped/>
  </testcase> <!-- verifyAddOrganization -->
  <testcase name="addorgmembership" time="0.0" classname="Com.NF.NetForumScenarious.AddOrgMembership">
    <skipped/>
  </testcase> <!-- addorgmembership -->
  <testcase name="AssignClubtoDistrict" time="0.0" classname="Com.NF.NetForumScenarious.AddRelatedorganization">
    <skipped/>
  </testcase> <!-- AssignClubtoDistrict -->
  <testcase name="@BeforeTest setenvironmentInof" time="0.0" classname="Com.NF.Config.TestBase">
    <ignored/>
  </testcase> <!-- @BeforeTest setenvironmentInof -->
  <testcase name="@BeforeTest setenvironmentInof" time="0.0" classname="Com.NF.Config.TestBase">
    <ignored/>
  </testcase> <!-- @BeforeTest setenvironmentInof -->
  <testcase name="@BeforeTest setenvironmentInof" time="0.0" classname="Com.NF.Config.TestBase">
    <ignored/>
  </testcase> <!-- @BeforeTest setenvironmentInof -->
  <testcase name="@BeforeTest setenvironmentInof" time="0.0" classname="Com.NF.Config.TestBase">
    <ignored/>
  </testcase> <!-- @BeforeTest setenvironmentInof -->
</testsuite> <!-- Addmembershiptoorg -->
