<?xml version="1.0" encoding="UTF-8"?>
<!-- Generated by org.testng.reporters.JUnitXMLReporter -->
<testsuite hostname="L7ASO-PF03H1VR" ignored="1" name="FindOrganizationbyexcelfile" tests="2" failures="2" timestamp="03 Sep 2018 12:28:07 GMT" time="28.108" errors="0">
  <testcase name="LaunchApplication" time="13.007" classname="Com.NF.NetForumScenarious.LaunchandLoginintoNF15">
    <failure type="java.lang.AssertionError" message="expected [true] but found [false]">
      <![CDATA[java.lang.AssertionError: expected [true] but found [false]
	at Com.NF.NetForumScenarious.LaunchandLoginintoNF15.execute(LaunchandLoginintoNF15.java:120)
	at Com.NF.NetForumScenarious.LaunchandLoginintoNF15.LaunchApplication(LaunchandLoginintoNF15.java:40)
... Removed 33 stack frames]]>
    </failure>
  </testcase> <!-- LaunchApplication -->
  <testcase name="findorgbyexcelvalues" time="14.611" classname="Com.NF.NetForumScenarious.fFindOrganizationbyexcelvalue">
    <failure type="java.lang.AssertionError" message="expected [true] but found [false]">
      <![CDATA[java.lang.AssertionError: expected [true] but found [false]
	at Com.NF.NetForumScenarious.fFindOrganizationbyexcelvalue.execute(fFindOrganizationbyexcelvalue.java:80)
	at Com.NF.NetForumScenarious.fFindOrganizationbyexcelvalue.findorgbyexcelvalues(fFindOrganizationbyexcelvalue.java:33)
... Removed 33 stack frames]]>
    </failure>
  </testcase> <!-- findorgbyexcelvalues -->
  <testcase name="@BeforeTest setenvironmentInof" time="0.0" classname="Com.NF.Config.TestBase">
    <ignored/>
  </testcase> <!-- @BeforeTest setenvironmentInof -->
</testsuite> <!-- FindOrganizationbyexcelfile -->
