<?xml version="1.0" encoding="UTF-8"?>
<testsuite xmlns:xsi="http://www.w3.org/2001/XMLSchema-instance" xsi:noNamespaceSchemaLocation="https://maven.apache.org/surefire/maven-surefire-plugin/xsd/surefire-test-report.xsd" name="TestSuite" time="52.391" tests="7" errors="0" skipped="4" failures="3">
  <properties>
[...]
</properties>
  <testcase name="LaunchApplication" classname="Com.NF.NetForumScenarious.LaunchandLoginintoNF15" time="18.735">
    <failure message="expected [true] but found [false]" type="java.lang.AssertionError">java.lang.AssertionError: expected [true] but found [false]
	at Com.NF.NetForumScenarious.LaunchandLoginintoNF15.execute(LaunchandLoginintoNF15.java:120)
	at Com.NF.NetForumScenarious.LaunchandLoginintoNF15.LaunchApplication(LaunchandLoginintoNF15.java:40)
</failure>
    <system-out><![CDATA[Test is Started:LaunchApplication
filepathC:\\NetforumUpgradeInMaven\\NetforumUpgrade\\NF_Input.xlsx
sheetnameLaunchNF
inputdata :CH
inputdata :WINDOWS
inputdata :http://hq%2Ddev%5Cnftestdiamond:T3stN3tForum@netforumqat.rotaryintl.org/iweb/
inputdata :Y
inputdata :
actualstring :CH,WINDOWS,http://hq%2Ddev%5Cnftestdiamond:T3stN3tForum@netforumqat.rotaryintl.org/iweb/,Y,,
inputdata:::CH,WINDOWS,http://hq%2Ddev%5Cnftestdiamond:T3stN3tForum@netforumqat.rotaryintl.org/iweb/,Y,,
C:\NetforumUpgradeInMaven\NetforumUpgrade
*******************
launching chrome browser
]]></system-out>
    <system-err><![CDATA[Starting ChromeDriver 2.25.426923 (0390b88869384d6eb0d5d09729679f934aab9eed) on port 2442
Only local connections are allowed.
log4j:WARN No appenders could be found for logger (org.apache.http.client.protocol.RequestAddCookies).
log4j:WARN Please initialize the log4j system properly.
log4j:WARN See http://logging.apache.org/log4j/1.2/faq.html#noconfig for more info.
Sep 03, 2018 5:57:26 PM org.openqa.selenium.remote.ProtocolHandshake createSession
INFO: Detected dialect: OSS
]]></system-err>
  </testcase>
  <testcase name="LaunchApplication" classname="Com.NF.NetForumScenarious.LaunchandLoginintoNF15" time="13.009">
    <failure message="expected [true] but found [false]" type="java.lang.AssertionError">java.lang.AssertionError: expected [true] but found [false]
	at Com.NF.NetForumScenarious.LaunchandLoginintoNF15.execute(LaunchandLoginintoNF15.java:120)
	at Com.NF.NetForumScenarious.LaunchandLoginintoNF15.LaunchApplication(LaunchandLoginintoNF15.java:40)
</failure>
    <system-out><![CDATA[Test Is Skipped:AssignClubtoDistrict
Test is Started:LaunchApplication
filepathC:\\NetforumUpgradeInMaven\\NetforumUpgrade\\NF_Input.xlsx
sheetnameLaunchNF
inputdata :CH
inputdata :WINDOWS
inputdata :http://hq%2Ddev%5Cnftestdiamond:T3stN3tForum@netforumqat.rotaryintl.org/iweb/
inputdata :Y
inputdata :
actualstring :CH,WINDOWS,http://hq%2Ddev%5Cnftestdiamond:T3stN3tForum@netforumqat.rotaryintl.org/iweb/,Y,,
inputdata:::CH,WINDOWS,http://hq%2Ddev%5Cnftestdiamond:T3stN3tForum@netforumqat.rotaryintl.org/iweb/,Y,,
C:\NetforumUpgradeInMaven\NetforumUpgrade
*******************
launching chrome browser
]]></system-out>
    <system-err><![CDATA[Starting ChromeDriver 2.25.426923 (0390b88869384d6eb0d5d09729679f934aab9eed) on port 28779
Only local connections are allowed.
Sep 03, 2018 5:57:42 PM org.openqa.selenium.remote.ProtocolHandshake createSession
INFO: Detected dialect: OSS
]]></system-err>
  </testcase>
  <testcase name="AddRotaryOrganization" classname="Com.NF.NetForumScenarious.Addorganization" time="0">
    <skipped message="Method Addorganization.AddRotaryOrganization(java.lang.String)[pri:0, instance:Com.NF.NetForumScenarious.Addorganization@45afc369] depends on not successfully finished methods"/>
  </testcase>
  <testcase name="verifyAddOrganization" classname="Com.NF.NetForumScenarious.VerifyOrganization" time="0">
    <skipped message="Method VerifyOrganization.verifyAddOrganization(java.lang.String)[pri:0, instance:Com.NF.NetForumScenarious.VerifyOrganization@49c43f4e] depends on not successfully finished methods"/>
    <system-out><![CDATA[Test Is Skipped:AddRotaryOrganization
]]></system-out>
  </testcase>
  <testcase name="addorgmembership" classname="Com.NF.NetForumScenarious.AddOrgMembership" time="0">
    <skipped message="Method AddOrgMembership.addorgmembership(java.lang.String)[pri:0, instance:Com.NF.NetForumScenarious.AddOrgMembership@12028586] depends on not successfully finished methods"/>
    <system-out><![CDATA[Test Is Skipped:verifyAddOrganization
]]></system-out>
  </testcase>
  <testcase name="AssignClubtoDistrict" classname="Com.NF.NetForumScenarious.AddRelatedorganization" time="0">
    <skipped message="Method AddRelatedorganization.AssignClubtoDistrict(java.lang.String)[pri:0, instance:Com.NF.NetForumScenarious.AddRelatedorganization@69a10787] depends on not successfully finished methods"/>
    <system-out><![CDATA[Test Is Skipped:addorgmembership
]]></system-out>
  </testcase>
  <testcase name="findorgbyexcelvalues" classname="Com.NF.NetForumScenarious.fFindOrganizationbyexcelvalue" time="14.61">
    <failure message="expected [true] but found [false]" type="java.lang.AssertionError">java.lang.AssertionError: expected [true] but found [false]
	at Com.NF.NetForumScenarious.fFindOrganizationbyexcelvalue.execute(fFindOrganizationbyexcelvalue.java:80)
	at Com.NF.NetForumScenarious.fFindOrganizationbyexcelvalue.findorgbyexcelvalues(fFindOrganizationbyexcelvalue.java:33)
</failure>
    <system-out><![CDATA[Test is Started:findorgbyexcelvalues
inputdata :RotaryTestProject
inputdata :TC1\\TC1_FindOrgStoreValue
inputdata :TC1\\TC1_FindOrgStoreValue\\Findorg.png
actualstring :RotaryTestProject,TC1\\TC1_FindOrgStoreValue,TC1\\TC1_FindOrgStoreValue\\Findorg.png,
InputData:RotaryTestProject,TC1\\TC1_FindOrgStoreValue,TC1\\TC1_FindOrgStoreValue\\Findorg.png,
]]></system-out>
    <system-err><![CDATA[Sep 03, 2018 5:58:06 PM org.openqa.selenium.support.ui.ExpectedConditions findElement
WARNING: WebDriverException thrown by findElement(By.xpath: //a[@title='CRM'])
org.openqa.selenium.WebDriverException: chrome not reachable
  (Session info: chrome=68.0.3440.106)
  (Driver info: chromedriver=2.25.426923 (0390b88869384d6eb0d5d09729679f934aab9eed),platform=Windows NT 10.0.16299 x86_64) (WARNING: The server did not provide any stacktrace information)
Command duration or timeout: 4.08 seconds
Build info: version: '3.4.0', revision: 'unknown', time: 'unknown'
System info: host: 'L7ASO-PF03H1VR', ip: '10.10.59.122', os.name: 'Windows 10', os.arch: 'amd64', os.version: '10.0', java.version: '1.8.0_131'
Driver info: org.openqa.selenium.chrome.ChromeDriver
Capabilities [{applicationCacheEnabled=false, rotatable=false, mobileEmulationEnabled=false, networkConnectionEnabled=false, chrome={chromedriverVersion=2.25.426923 (0390b88869384d6eb0d5d09729679f934aab9eed), userDataDir=C:\Users\patild\AppData\Local\Temp\scoped_dir13912_9675}, takesHeapSnapshot=true, pageLoadStrategy=normal, databaseEnabled=false, handlesAlerts=true, hasTouchScreen=false, version=68.0.3440.106, platform=XP, browserConnectionEnabled=false, nativeEvents=true, acceptSslCerts=true, locationContextEnabled=true, webStorageEnabled=true, browserName=chrome, takesScreenshot=true, javascriptEnabled=true, cssSelectorsEnabled=true}]
Session ID: 2e5c58f1bb99a6616e2e63d5417734b5
*** Element info: {Using=xpath, value=//a[@title='CRM']}
	at sun.reflect.NativeConstructorAccessorImpl.newInstance0(Native Method)
	at sun.reflect.NativeConstructorAccessorImpl.newInstance(NativeConstructorAccessorImpl.java:62)
	at sun.reflect.DelegatingConstructorAccessorImpl.newInstance(DelegatingConstructorAccessorImpl.java:45)
	at java.lang.reflect.Constructor.newInstance(Constructor.java:423)
	at org.openqa.selenium.remote.ErrorHandler.createThrowable(ErrorHandler.java:215)
	at org.openqa.selenium.remote.ErrorHandler.throwIfResponseFailed(ErrorHandler.java:167)
	at org.openqa.selenium.remote.RemoteWebDriver.execute(RemoteWebDriver.java:671)
	at org.openqa.selenium.remote.RemoteWebDriver.findElements(RemoteWebDriver.java:437)
	at org.openqa.selenium.remote.RemoteWebDriver.findElementsByXPath(RemoteWebDriver.java:513)
	at org.openqa.selenium.By$ByXPath.findElements(By.java:356)
	at org.openqa.selenium.remote.RemoteWebDriver.findElements(RemoteWebDriver.java:398)
	at org.openqa.selenium.support.ui.ExpectedConditions.findElement(ExpectedConditions.java:882)
	at org.openqa.selenium.support.ui.ExpectedConditions.access$000(ExpectedConditions.java:44)
	at org.openqa.selenium.support.ui.ExpectedConditions$6.apply(ExpectedConditions.java:183)
	at org.openqa.selenium.support.ui.ExpectedConditions$6.apply(ExpectedConditions.java:180)
	at org.openqa.selenium.support.ui.FluentWait.until(FluentWait.java:209)
	at Com.NF.NetForumScenarious.fFindOrganizationbyexcelvalue.execute(fFindOrganizationbyexcelvalue.java:46)
	at Com.NF.NetForumScenarious.fFindOrganizationbyexcelvalue.findorgbyexcelvalues(fFindOrganizationbyexcelvalue.java:33)
	at sun.reflect.NativeMethodAccessorImpl.invoke0(Native Method)
	at sun.reflect.NativeMethodAccessorImpl.invoke(NativeMethodAccessorImpl.java:62)
	at sun.reflect.DelegatingMethodAccessorImpl.invoke(DelegatingMethodAccessorImpl.java:43)
	at java.lang.reflect.Method.invoke(Method.java:498)
	at org.testng.internal.MethodInvocationHelper.invokeMethod(MethodInvocationHelper.java:108)
	at org.testng.internal.Invoker.invokeMethod(Invoker.java:661)
	at org.testng.internal.Invoker.invokeTestMethod(Invoker.java:869)
	at org.testng.internal.Invoker.invokeTestMethods(Invoker.java:1193)
	at org.testng.internal.TestMethodWorker.invokeTestMethods(TestMethodWorker.java:126)
	at org.testng.internal.TestMethodWorker.run(TestMethodWorker.java:109)
	at org.testng.TestRunner.privateRun(TestRunner.java:744)
	at org.testng.TestRunner.run(TestRunner.java:602)
	at org.testng.SuiteRunner.runTest(SuiteRunner.java:380)
	at org.testng.SuiteRunner.runSequentially(SuiteRunner.java:375)
	at org.testng.SuiteRunner.privateRun(SuiteRunner.java:340)
	at org.testng.SuiteRunner.run(SuiteRunner.java:289)
	at org.testng.SuiteRunnerWorker.runSuite(SuiteRunnerWorker.java:52)
	at org.testng.SuiteRunnerWorker.run(SuiteRunnerWorker.java:86)
	at org.testng.TestNG.runSuitesSequentially(TestNG.java:1301)
	at org.testng.TestNG.runSuitesLocally(TestNG.java:1226)
	at org.testng.TestNG.runSuites(TestNG.java:1144)
	at org.testng.TestNG.run(TestNG.java:1115)
	at org.apache.maven.surefire.testng.TestNGExecutor.run(TestNGExecutor.java:283)
	at org.apache.maven.surefire.testng.TestNGXmlTestSuite.execute(TestNGXmlTestSuite.java:75)
	at org.apache.maven.surefire.testng.TestNGProvider.invoke(TestNGProvider.java:120)
	at org.apache.maven.surefire.booter.ForkedBooter.invokeProviderInSameClassLoader(ForkedBooter.java:373)
	at org.apache.maven.surefire.booter.ForkedBooter.runSuitesInProcess(ForkedBooter.java:334)
	at org.apache.maven.surefire.booter.ForkedBooter.execute(ForkedBooter.java:119)
	at org.apache.maven.surefire.booter.ForkedBooter.main(ForkedBooter.java:407)

]]></system-err>
  </testcase>
</testsuite>